
 /----------------------------------------------------------------------------\
 |  yosys -- Yosys Open SYnthesis Suite                                       |
 |  Copyright (C) 2012 - 2026  Claire Xenia Wolf <claire@yosyshq.com>         |
 |  Distributed under an ISC-like license, type "license" to see terms        |
 \----------------------------------------------------------------------------/
 Yosys 0.62+9 (git sha1 0640a5904-dirty, aarch64-apple-darwin23.5-clang++ 18.1.8 -fPIC -O3)

-- Executing script file `design_smt2.ys' --

1. Executing RTLIL frontend.
Input filename: design_prep.il

2. Executing HIERARCHY pass (managing design hierarchy).
Attribute `top' found on module `csa_formal'. Setting top module to csa_formal.

2.1. Analyzing design hierarchy..
Top module:  \csa_formal
Used module:     \csa

2.2. Analyzing design hierarchy..
Top module:  \csa_formal
Used module:     \csa
Removed 0 unused modules.
Module csa_formal directly or indirectly contains formal properties -> setting "keep" attribute.

3. Executing FORMALFF pass.

4. Executing DFFUNMAP pass (unmap clock enable and synchronous reset from FFs).

5. Printing statistics.

=== csa ===

        +----------Local Count, excluding submodules.
        | 
       10 wires
      320 wire bits
        5 public wires
      160 public wire bits
        5 ports
      160 port bits
        7 cells
        3   $and
        2   $or
        2   $xor

=== csa_formal ===

        +----------Local Count, excluding submodules.
        | 
        9 wires
      257 wire bits
        5 public wires
      160 public wire bits
        5 ports
      160 port bits
        5 cells
        3   $add
        1   $assert
        1   $eq
        1 submodules
        1   csa

=== design hierarchy ===

        +----------Count including submodules.
        | 
       12 csa_formal
        7 csa

        +----------Count including submodules.
        | 
       19 wires
      577 wire bits
       10 public wires
      320 public wire bits
       10 ports
      320 port bits
        - memories
        - memory bits
        - processes
       12 cells
        3   $add
        3   $and
        1   $assert
        1   $eq
        2   $or
        2   $xor
        1 submodules
        1   csa

6. Executing SMT2 backend.

6.1. Executing BMUXMAP pass.

6.2. Executing DEMUXMAP pass.
Creating SMT-LIBv2 representation of module csa.
Creating SMT-LIBv2 representation of module csa_formal.

End of script. Logfile hash: 2bc06e77d8, CPU: user 0.01s system 0.01s, MEM: 14.31 MB peak
Yosys 0.62+9 (git sha1 0640a5904-dirty, aarch64-apple-darwin23.5-clang++ 18.1.8 -fPIC -O3)
Time spent: 77% 2x write_smt2 (0 sec), 10% 2x read_rtlil (0 sec), ...
