
 /----------------------------------------------------------------------------\
 |  yosys -- Yosys Open SYnthesis Suite                                       |
 |  Copyright (C) 2012 - 2026  Claire Xenia Wolf <claire@yosyshq.com>         |
 |  Distributed under an ISC-like license, type "license" to see terms        |
 \----------------------------------------------------------------------------/
 Yosys 0.62+9 (git sha1 0640a5904-dirty, aarch64-apple-darwin23.5-clang++ 18.1.8 -fPIC -O3)

-- Executing script file `../model/design.ys' --

1. Executing Verilog-2005 frontend: csa_formal.sv
Parsing formal SystemVerilog input from `csa_formal.sv' to AST representation.
Storing AST representation for module `$abstract\csa_formal'.
Successfully finished Verilog frontend.

2. Executing Verilog-2005 frontend: utils.sv
Parsing formal SystemVerilog input from `utils.sv' to AST representation.
Storing AST representation for module `$abstract\maj'.
Storing AST representation for module `$abstract\ch'.
Storing AST representation for module `$abstract\sum_zero'.
Storing AST representation for module `$abstract\sum_one'.
Storing AST representation for module `$abstract\sigma_zero'.
Storing AST representation for module `$abstract\sigma_one'.
Storing AST representation for module `$abstract\csa'.
Successfully finished Verilog frontend.

3. Executing PREP pass.

3.1. Executing HIERARCHY pass (managing design hierarchy).

3.2. Executing AST frontend in derive mode using pre-parsed AST for module `\csa_formal'.
Generating RTLIL representation for module `\csa_formal'.

3.2.1. Analyzing design hierarchy..
Top module:  \csa_formal

3.2.2. Executing AST frontend in derive mode using pre-parsed AST for module `\csa'.
Generating RTLIL representation for module `\csa'.

3.2.3. Analyzing design hierarchy..
Top module:  \csa_formal
Used module:     \csa

3.2.4. Analyzing design hierarchy..
Top module:  \csa_formal
Used module:     \csa
Removing unused module `$abstract\csa'.
Removing unused module `$abstract\sigma_one'.
Removing unused module `$abstract\sigma_zero'.
Removing unused module `$abstract\sum_one'.
Removing unused module `$abstract\sum_zero'.
Removing unused module `$abstract\ch'.
Removing unused module `$abstract\maj'.
Removing unused module `$abstract\csa_formal'.
Removed 8 unused modules.
Module csa_formal directly or indirectly contains formal properties -> setting "keep" attribute.

3.3. Executing PROC pass (convert processes to netlists).

3.3.1. Executing PROC_CLEAN pass (remove empty switches from decision trees).
Cleaned up 0 empty switches.

3.3.2. Executing PROC_RMDEAD pass (remove dead branches from decision trees).
Removed a total of 0 dead cases.

3.3.3. Executing PROC_PRUNE pass (remove redundant assignments in processes).
Removed 1 redundant assignment.
Promoted 1 assignment to connection.

3.3.4. Executing PROC_INIT pass (extract init attributes).

3.3.5. Executing PROC_ARST pass (detect async resets in processes).

3.3.6. Executing PROC_ROM pass (convert switches to ROMs).
Converted 0 switches.

3.3.7. Executing PROC_MUX pass (convert decision trees to multiplexers).
Creating decoders for process `\csa_formal.$proc$csa_formal.sv:17$1'.

3.3.8. Executing PROC_DLATCH pass (convert process syncs to latches).

3.3.9. Executing PROC_DFF pass (convert process syncs to FFs).

3.3.10. Executing PROC_MEMWR pass (convert process memory writes to cells).

3.3.11. Executing PROC_CLEAN pass (remove empty switches from decision trees).
Removing empty process `csa_formal.$proc$csa_formal.sv:17$1'.
Cleaned up 0 empty switches.

3.3.12. Executing OPT_EXPR pass (perform const folding).
Optimizing module csa.
Optimizing module csa_formal.

3.4. Executing FUTURE pass.

3.5. Executing OPT_EXPR pass (perform const folding).
Optimizing module csa.
Optimizing module csa_formal.

3.6. Executing OPT_CLEAN pass (remove unused cells and wires).
Finding unused cells or wires in module \csa..
Finding unused cells or wires in module \csa_formal..
Removed 0 unused cells and 3 unused wires.
<suppressed ~2 debug messages>

3.7. Executing CHECK pass (checking for obvious problems).
Checking module csa...
Checking module csa_formal...
Found and reported 0 problems.

3.8. Executing OPT pass (performing simple optimizations).

3.8.1. Executing OPT_EXPR pass (perform const folding).
Optimizing module csa.
Optimizing module csa_formal.

3.8.2. Executing OPT_MERGE pass (detect identical cells).
Finding identical cells in module `\csa'.
Computing hashes of 7 cells of `\csa'.
Finding duplicate cells in `\csa'.
Finding identical cells in module `\csa_formal'.
Computing hashes of 7 cells of `\csa_formal'.
Finding duplicate cells in `\csa_formal'.
Removed a total of 0 cells.

3.8.3. Executing OPT_MUXTREE pass (detect dead branches in mux trees).
Running muxtree optimizer on module \csa..
  Creating internal representation of mux trees.
  No muxes found in this module.
Running muxtree optimizer on module \csa_formal..
  Creating internal representation of mux trees.
  No muxes found in this module.
Removed 0 multiplexer ports.

3.8.4. Executing OPT_REDUCE pass (consolidate $*mux and $reduce_* inputs).
  Optimizing cells in module \csa.
  Optimizing cells in module \csa_formal.
Performed a total of 0 changes.

3.8.5. Executing OPT_MERGE pass (detect identical cells).
Finding identical cells in module `\csa'.
Computing hashes of 7 cells of `\csa'.
Finding duplicate cells in `\csa'.
Finding identical cells in module `\csa_formal'.
Computing hashes of 7 cells of `\csa_formal'.
Finding duplicate cells in `\csa_formal'.
Removed a total of 0 cells.

3.8.6. Executing OPT_CLEAN pass (remove unused cells and wires).
Finding unused cells or wires in module \csa..
Finding unused cells or wires in module \csa_formal..

3.8.7. Executing OPT_EXPR pass (perform const folding).
Optimizing module csa.
Optimizing module csa_formal.

3.8.8. Finished fast OPT passes. (There is nothing left to do.)

3.9. Executing WREDUCE pass (reducing word size of cells).
Removed top 30 bits (of 32) from port A of cell csa_formal.$mul$csa_formal.sv:18$5 ($mul).

3.10. Executing OPT_CLEAN pass (remove unused cells and wires).
Finding unused cells or wires in module \csa..
Finding unused cells or wires in module \csa_formal..

3.11. Executing MEMORY_COLLECT pass (generating $mem cells).

3.12. Executing OPT pass (performing simple optimizations).

3.12.1. Executing OPT_EXPR pass (perform const folding).
Optimizing module csa.
Optimizing module csa_formal.

3.12.2. Executing OPT_MERGE pass (detect identical cells).
Finding identical cells in module `\csa'.
Computing hashes of 7 cells of `\csa'.
Finding duplicate cells in `\csa'.
Finding identical cells in module `\csa_formal'.
Computing hashes of 7 cells of `\csa_formal'.
Finding duplicate cells in `\csa_formal'.
Removed a total of 0 cells.

3.12.3. Executing OPT_CLEAN pass (remove unused cells and wires).
Finding unused cells or wires in module \csa..
Finding unused cells or wires in module \csa_formal..

3.12.4. Finished fast OPT passes.

3.13. Executing SORT pass.

3.14. Printing statistics.

=== csa ===

        +----------Local Count, excluding submodules.
        | 
       10 wires
      320 wire bits
        5 public wires
      160 public wire bits
        5 ports
      160 port bits
        7 cells
        3   $and
        2   $or
        2   $xor

=== csa_formal ===

        +----------Local Count, excluding submodules.
        | 
       10 wires
      289 wire bits
        5 public wires
      160 public wire bits
        5 ports
      160 port bits
        6 cells
        3   $add
        1   $check
        1   $eq
        1   $mul
        1 submodules
        1   csa

=== design hierarchy ===

        +----------Count including submodules.
        | 
       13 csa_formal
        7 csa

        +----------Count including submodules.
        | 
       20 wires
      609 wire bits
       10 public wires
      320 public wire bits
       10 ports
      320 port bits
        - memories
        - memory bits
        - processes
       13 cells
        3   $add
        3   $and
        1   $check
        1   $eq
        1   $mul
        2   $or
        2   $xor
        1 submodules
        1   csa

3.15. Executing CHECK pass (checking for obvious problems).
Checking module csa...
Checking module csa_formal...
Found and reported 0 problems.

4. Executing HIERARCHY pass (managing design hierarchy).
Attribute `top' found on module `csa_formal'. Setting top module to csa_formal.

4.1. Analyzing design hierarchy..
Top module:  \csa_formal
Used module:     \csa

4.2. Analyzing design hierarchy..
Top module:  \csa_formal
Used module:     \csa
Removed 0 unused modules.
Module csa_formal directly or indirectly contains formal properties -> setting "keep" attribute.

5. Executing jny backend.

6. Executing RTLIL backend.
Output filename: ../model/design.il

End of script. Logfile hash: 41845e7f66, CPU: user 0.02s system 0.02s, MEM: 16.83 MB peak
Yosys 0.62+9 (git sha1 0640a5904-dirty, aarch64-apple-darwin23.5-clang++ 18.1.8 -fPIC -O3)
Time spent: 21% 5x opt_expr (0 sec), 19% 4x opt_clean (0 sec), ...
